Installing Apache HTTP 2.0 server with
 DomainName =    hleclerc-PC.ingenidev
 ServerName =    hleclerc-PC.ingenidev
 ServerAdmin =   admin@hleclerc-PC.ingenidev
 ServerPort =    80
 ServerSslPort = 80
 ServerRoot =    C:/Dev/Projets/WampServer2-64b/install_files_wampserver2/bin/apache/Apache2.2.17
Rewrote C:/Dev/Projets/WampServer2-64b/install_files_wampserver2/bin/apache/Apache2.2.17/conf/original/extra/httpd-autoindex.conf.in
 to C:/Dev/Projets/WampServer2-64b/install_files_wampserver2/bin/apache/Apache2.2.17/conf/original/extra/httpd-autoindex.conf
Successfully removed C:\Dev\Projets\WampServer2-64b\install_files_wampserver2\bin\apache\Apache2.2.17\conf\original\extra\httpd-autoindex.conf.in
Rewrote C:/Dev/Projets/WampServer2-64b/install_files_wampserver2/bin/apache/Apache2.2.17/conf/original/extra/httpd-vhosts.conf.in
 to C:/Dev/Projets/WampServer2-64b/install_files_wampserver2/bin/apache/Apache2.2.17/conf/original/extra/httpd-vhosts.conf
Successfully removed C:\Dev\Projets\WampServer2-64b\install_files_wampserver2\bin\apache\Apache2.2.17\conf\original\extra\httpd-vhosts.conf.in
Rewrote C:/Dev/Projets/WampServer2-64b/install_files_wampserver2/bin/apache/Apache2.2.17/conf/original/extra/httpd-default.conf.in
 to C:/Dev/Projets/WampServer2-64b/install_files_wampserver2/bin/apache/Apache2.2.17/conf/original/extra/httpd-default.conf
Successfully removed C:\Dev\Projets\WampServer2-64b\install_files_wampserver2\bin\apache\Apache2.2.17\conf\original\extra\httpd-default.conf.in
Rewrote C:/Dev/Projets/WampServer2-64b/install_files_wampserver2/bin/apache/Apache2.2.17/conf/original/extra/httpd-manual.conf.in
 to C:/Dev/Projets/WampServer2-64b/install_files_wampserver2/bin/apache/Apache2.2.17/conf/original/extra/httpd-manual.conf
Successfully removed C:\Dev\Projets\WampServer2-64b\install_files_wampserver2\bin\apache\Apache2.2.17\conf\original\extra\httpd-manual.conf.in
Rewrote C:/Dev/Projets/WampServer2-64b/install_files_wampserver2/bin/apache/Apache2.2.17/conf/original/extra/httpd-mpm.conf.in
 to C:/Dev/Projets/WampServer2-64b/install_files_wampserver2/bin/apache/Apache2.2.17/conf/original/extra/httpd-mpm.conf
Successfully removed C:\Dev\Projets\WampServer2-64b\install_files_wampserver2\bin\apache\Apache2.2.17\conf\original\extra\httpd-mpm.conf.in
Rewrote C:/Dev/Projets/WampServer2-64b/install_files_wampserver2/bin/apache/Apache2.2.17/conf/original/extra/httpd-info.conf.in
 to C:/Dev/Projets/WampServer2-64b/install_files_wampserver2/bin/apache/Apache2.2.17/conf/original/extra/httpd-info.conf
Successfully removed C:\Dev\Projets\WampServer2-64b\install_files_wampserver2\bin\apache\Apache2.2.17\conf\original\extra\httpd-info.conf.in
Rewrote C:/Dev/Projets/WampServer2-64b/install_files_wampserver2/bin/apache/Apache2.2.17/conf/original/extra/httpd-dav.conf.in
 to C:/Dev/Projets/WampServer2-64b/install_files_wampserver2/bin/apache/Apache2.2.17/conf/original/extra/httpd-dav.conf
Successfully removed C:\Dev\Projets\WampServer2-64b\install_files_wampserver2\bin\apache\Apache2.2.17\conf\original\extra\httpd-dav.conf.in
Rewrote C:/Dev/Projets/WampServer2-64b/install_files_wampserver2/bin/apache/Apache2.2.17/conf/original/extra/httpd-languages.conf.in
 to C:/Dev/Projets/WampServer2-64b/install_files_wampserver2/bin/apache/Apache2.2.17/conf/original/extra/httpd-languages.conf
Successfully removed C:\Dev\Projets\WampServer2-64b\install_files_wampserver2\bin\apache\Apache2.2.17\conf\original\extra\httpd-languages.conf.in
Rewrote C:/Dev/Projets/WampServer2-64b/install_files_wampserver2/bin/apache/Apache2.2.17/conf/original/httpd.conf.in
 to C:/Dev/Projets/WampServer2-64b/install_files_wampserver2/bin/apache/Apache2.2.17/conf/original/httpd.conf
Successfully removed C:\Dev\Projets\WampServer2-64b\install_files_wampserver2\bin\apache\Apache2.2.17\conf\original\httpd.conf.in
Rewrote C:/Dev/Projets/WampServer2-64b/install_files_wampserver2/bin/apache/Apache2.2.17/conf/original/extra/httpd-userdir.conf.in
 to C:/Dev/Projets/WampServer2-64b/install_files_wampserver2/bin/apache/Apache2.2.17/conf/original/extra/httpd-userdir.conf
Successfully removed C:\Dev\Projets\WampServer2-64b\install_files_wampserver2\bin\apache\Apache2.2.17\conf\original\extra\httpd-userdir.conf.in
Rewrote C:/Dev/Projets/WampServer2-64b/install_files_wampserver2/bin/apache/Apache2.2.17/conf/original/extra/httpd-ssl.conf.in
 to C:/Dev/Projets/WampServer2-64b/install_files_wampserver2/bin/apache/Apache2.2.17/conf/original/extra/httpd-ssl.conf
Successfully removed C:\Dev\Projets\WampServer2-64b\install_files_wampserver2\bin\apache\Apache2.2.17\conf\original\extra\httpd-ssl.conf.in
Rewrote C:/Dev/Projets/WampServer2-64b/install_files_wampserver2/bin/apache/Apache2.2.17/conf/original/extra/httpd-multilang-errordoc.conf.in
 to C:/Dev/Projets/WampServer2-64b/install_files_wampserver2/bin/apache/Apache2.2.17/conf/original/extra/httpd-multilang-errordoc.conf
Successfully removed C:\Dev\Projets\WampServer2-64b\install_files_wampserver2\bin\apache\Apache2.2.17\conf\original\extra\httpd-multilang-errordoc.conf.in
Duplicated C:/Dev/Projets/WampServer2-64b/install_files_wampserver2/bin/apache/Apache2.2.17/conf/original/magic
 to C:/Dev/Projets/WampServer2-64b/install_files_wampserver2/bin/apache/Apache2.2.17/conf/magic
Duplicated C:/Dev/Projets/WampServer2-64b/install_files_wampserver2/bin/apache/Apache2.2.17/conf/original/extra/httpd-autoindex.conf
 to C:/Dev/Projets/WampServer2-64b/install_files_wampserver2/bin/apache/Apache2.2.17/conf/extra/httpd-autoindex.conf
Duplicated C:/Dev/Projets/WampServer2-64b/install_files_wampserver2/bin/apache/Apache2.2.17/conf/original/extra/httpd-vhosts.conf
 to C:/Dev/Projets/WampServer2-64b/install_files_wampserver2/bin/apache/Apache2.2.17/conf/extra/httpd-vhosts.conf
Duplicated C:/Dev/Projets/WampServer2-64b/install_files_wampserver2/bin/apache/Apache2.2.17/conf/original/extra/httpd-default.conf
 to C:/Dev/Projets/WampServer2-64b/install_files_wampserver2/bin/apache/Apache2.2.17/conf/extra/httpd-default.conf
Duplicated C:/Dev/Projets/WampServer2-64b/install_files_wampserver2/bin/apache/Apache2.2.17/conf/original/mime.types
 to C:/Dev/Projets/WampServer2-64b/install_files_wampserver2/bin/apache/Apache2.2.17/conf/mime.types
Duplicated C:/Dev/Projets/WampServer2-64b/install_files_wampserver2/bin/apache/Apache2.2.17/conf/original/charset.conv
 to C:/Dev/Projets/WampServer2-64b/install_files_wampserver2/bin/apache/Apache2.2.17/conf/charset.conv
Duplicated C:/Dev/Projets/WampServer2-64b/install_files_wampserver2/bin/apache/Apache2.2.17/conf/original/extra/httpd-manual.conf
 to C:/Dev/Projets/WampServer2-64b/install_files_wampserver2/bin/apache/Apache2.2.17/conf/extra/httpd-manual.conf
Duplicated C:/Dev/Projets/WampServer2-64b/install_files_wampserver2/bin/apache/Apache2.2.17/conf/original/extra/httpd-mpm.conf
 to C:/Dev/Projets/WampServer2-64b/install_files_wampserver2/bin/apache/Apache2.2.17/conf/extra/httpd-mpm.conf
Duplicated C:/Dev/Projets/WampServer2-64b/install_files_wampserver2/bin/apache/Apache2.2.17/conf/original/extra/httpd-info.conf
 to C:/Dev/Projets/WampServer2-64b/install_files_wampserver2/bin/apache/Apache2.2.17/conf/extra/httpd-info.conf
Duplicated C:/Dev/Projets/WampServer2-64b/install_files_wampserver2/bin/apache/Apache2.2.17/conf/original/extra/httpd-dav.conf
 to C:/Dev/Projets/WampServer2-64b/install_files_wampserver2/bin/apache/Apache2.2.17/conf/extra/httpd-dav.conf
Duplicated C:/Dev/Projets/WampServer2-64b/install_files_wampserver2/bin/apache/Apache2.2.17/conf/original/extra/httpd-languages.conf
 to C:/Dev/Projets/WampServer2-64b/install_files_wampserver2/bin/apache/Apache2.2.17/conf/extra/httpd-languages.conf
Duplicated C:/Dev/Projets/WampServer2-64b/install_files_wampserver2/bin/apache/Apache2.2.17/conf/original/httpd.conf
 to C:/Dev/Projets/WampServer2-64b/install_files_wampserver2/bin/apache/Apache2.2.17/conf/httpd.conf
Duplicated C:/Dev/Projets/WampServer2-64b/install_files_wampserver2/bin/apache/Apache2.2.17/conf/original/extra/httpd-userdir.conf
 to C:/Dev/Projets/WampServer2-64b/install_files_wampserver2/bin/apache/Apache2.2.17/conf/extra/httpd-userdir.conf
Duplicated C:/Dev/Projets/WampServer2-64b/install_files_wampserver2/bin/apache/Apache2.2.17/conf/original/extra/httpd-ssl.conf
 to C:/Dev/Projets/WampServer2-64b/install_files_wampserver2/bin/apache/Apache2.2.17/conf/extra/httpd-ssl.conf
Duplicated C:/Dev/Projets/WampServer2-64b/install_files_wampserver2/bin/apache/Apache2.2.17/conf/original/extra/httpd-multilang-errordoc.conf
 to C:/Dev/Projets/WampServer2-64b/install_files_wampserver2/bin/apache/Apache2.2.17/conf/extra/httpd-multilang-errordoc.conf
Successfully removed C:\Dev\Projets\WampServer2-64b\install_files_wampserver2\bin\apache\Apache2.2.17\conf\original\installwinconf.awk
